============================= test session starts =============================
platform win32 -- Python 3.11.3, pytest-7.4.3, pluggy-1.3.0 -- C:\Program Files\Python311\python.exe
cachedir: .pytest_cache
rootdir: D:\Programming\IThub\TestPO\CP\CP2
collecting ... collected 16 items

test_cp2.py::test_avg_mark[76.66666666666667-49.0] FAILED                [  6%]
test_cp2.py::test_avg_mark[78.0-48.0] FAILED                             [ 12%]
test_cp2.py::test_avg_mark[60.333333333333336-44.0] FAILED               [ 18%]
test_cp2.py::test_avg_mark[33.666666666666664-47.0] FAILED               [ 25%]
test_cp2.py::test_avg_mark[69.66666666666667-45.0] FAILED                [ 31%]
test_cp2.py::test_avg_mark[71.33333333333333-46.0] FAILED                [ 37%]
test_cp2.py::test_avg_mark[18.333333333333332-43.0] FAILED               [ 43%]
test_cp2.py::test_avg_mark[32.0-50.0] FAILED                             [ 50%]
test_cp2.py::test_avg_mark[46.666666666666664-83.0] FAILED               [ 56%]
test_cp2.py::test_avg_mark[48.666666666666664-97.0] FAILED               [ 62%]
test_cp2.py::test_avg_mark[41.666666666666664-40.0] FAILED               [ 68%]
test_cp2.py::test_avg_mark[23.666666666666668-45.0] FAILED               [ 75%]
test_cp2.py::test_avg_mark[41.333333333333336-77.0] FAILED               [ 81%]
test_cp2.py::test_avg_mark[47.0-90.0] FAILED                             [ 87%]
test_cp2.py::test_avg_mark[17.333333333333332-4.0] FAILED                [ 93%]
test_cp2.py::test_avg_mark[17.0-40.0] FAILED                             [100%]

================================== FAILURES ===================================
____________________ test_avg_mark[76.66666666666667-49.0] ____________________

avg = 76.66666666666667, final_mark = 49.0

    @pytest.mark.parametrize('avg, final_mark',
                                 get_zip_rows())
    def test_avg_mark(avg, final_mark):
>       assert avg == final_mark
E       assert 76.66666666666667 == 49.0

test_cp2.py:9: AssertionError
__________________________ test_avg_mark[78.0-48.0] ___________________________

avg = 78.0, final_mark = 48.0

    @pytest.mark.parametrize('avg, final_mark',
                                 get_zip_rows())
    def test_avg_mark(avg, final_mark):
>       assert avg == final_mark
E       assert 78.0 == 48.0

test_cp2.py:9: AssertionError
___________________ test_avg_mark[60.333333333333336-44.0] ____________________

avg = 60.333333333333336, final_mark = 44.0

    @pytest.mark.parametrize('avg, final_mark',
                                 get_zip_rows())
    def test_avg_mark(avg, final_mark):
>       assert avg == final_mark
E       assert 60.333333333333336 == 44.0

test_cp2.py:9: AssertionError
___________________ test_avg_mark[33.666666666666664-47.0] ____________________

avg = 33.666666666666664, final_mark = 47.0

    @pytest.mark.parametrize('avg, final_mark',
                                 get_zip_rows())
    def test_avg_mark(avg, final_mark):
>       assert avg == final_mark
E       assert 33.666666666666664 == 47.0

test_cp2.py:9: AssertionError
____________________ test_avg_mark[69.66666666666667-45.0] ____________________

avg = 69.66666666666667, final_mark = 45.0

    @pytest.mark.parametrize('avg, final_mark',
                                 get_zip_rows())
    def test_avg_mark(avg, final_mark):
>       assert avg == final_mark
E       assert 69.66666666666667 == 45.0

test_cp2.py:9: AssertionError
____________________ test_avg_mark[71.33333333333333-46.0] ____________________

avg = 71.33333333333333, final_mark = 46.0

    @pytest.mark.parametrize('avg, final_mark',
                                 get_zip_rows())
    def test_avg_mark(avg, final_mark):
>       assert avg == final_mark
E       assert 71.33333333333333 == 46.0

test_cp2.py:9: AssertionError
___________________ test_avg_mark[18.333333333333332-43.0] ____________________

avg = 18.333333333333332, final_mark = 43.0

    @pytest.mark.parametrize('avg, final_mark',
                                 get_zip_rows())
    def test_avg_mark(avg, final_mark):
>       assert avg == final_mark
E       assert 18.333333333333332 == 43.0

test_cp2.py:9: AssertionError
__________________________ test_avg_mark[32.0-50.0] ___________________________

avg = 32.0, final_mark = 50.0

    @pytest.mark.parametrize('avg, final_mark',
                                 get_zip_rows())
    def test_avg_mark(avg, final_mark):
>       assert avg == final_mark
E       assert 32.0 == 50.0

test_cp2.py:9: AssertionError
___________________ test_avg_mark[46.666666666666664-83.0] ____________________

avg = 46.666666666666664, final_mark = 83.0

    @pytest.mark.parametrize('avg, final_mark',
                                 get_zip_rows())
    def test_avg_mark(avg, final_mark):
>       assert avg == final_mark
E       assert 46.666666666666664 == 83.0

test_cp2.py:9: AssertionError
___________________ test_avg_mark[48.666666666666664-97.0] ____________________

avg = 48.666666666666664, final_mark = 97.0

    @pytest.mark.parametrize('avg, final_mark',
                                 get_zip_rows())
    def test_avg_mark(avg, final_mark):
>       assert avg == final_mark
E       assert 48.666666666666664 == 97.0

test_cp2.py:9: AssertionError
___________________ test_avg_mark[41.666666666666664-40.0] ____________________

avg = 41.666666666666664, final_mark = 40.0

    @pytest.mark.parametrize('avg, final_mark',
                                 get_zip_rows())
    def test_avg_mark(avg, final_mark):
>       assert avg == final_mark
E       assert 41.666666666666664 == 40.0

test_cp2.py:9: AssertionError
___________________ test_avg_mark[23.666666666666668-45.0] ____________________

avg = 23.666666666666668, final_mark = 45.0

    @pytest.mark.parametrize('avg, final_mark',
                                 get_zip_rows())
    def test_avg_mark(avg, final_mark):
>       assert avg == final_mark
E       assert 23.666666666666668 == 45.0

test_cp2.py:9: AssertionError
___________________ test_avg_mark[41.333333333333336-77.0] ____________________

avg = 41.333333333333336, final_mark = 77.0

    @pytest.mark.parametrize('avg, final_mark',
                                 get_zip_rows())
    def test_avg_mark(avg, final_mark):
>       assert avg == final_mark
E       assert 41.333333333333336 == 77.0

test_cp2.py:9: AssertionError
__________________________ test_avg_mark[47.0-90.0] ___________________________

avg = 47.0, final_mark = 90.0

    @pytest.mark.parametrize('avg, final_mark',
                                 get_zip_rows())
    def test_avg_mark(avg, final_mark):
>       assert avg == final_mark
E       assert 47.0 == 90.0

test_cp2.py:9: AssertionError
____________________ test_avg_mark[17.333333333333332-4.0] ____________________

avg = 17.333333333333332, final_mark = 4.0

    @pytest.mark.parametrize('avg, final_mark',
                                 get_zip_rows())
    def test_avg_mark(avg, final_mark):
>       assert avg == final_mark
E       assert 17.333333333333332 == 4.0

test_cp2.py:9: AssertionError
__________________________ test_avg_mark[17.0-40.0] ___________________________

avg = 17.0, final_mark = 40.0

    @pytest.mark.parametrize('avg, final_mark',
                                 get_zip_rows())
    def test_avg_mark(avg, final_mark):
>       assert avg == final_mark
E       assert 17.0 == 40.0

test_cp2.py:9: AssertionError
=========================== short test summary info ===========================
FAILED test_cp2.py::test_avg_mark[76.66666666666667-49.0] - assert 76.6666666...
FAILED test_cp2.py::test_avg_mark[78.0-48.0] - assert 78.0 == 48.0
FAILED test_cp2.py::test_avg_mark[60.333333333333336-44.0] - assert 60.333333...
FAILED test_cp2.py::test_avg_mark[33.666666666666664-47.0] - assert 33.666666...
FAILED test_cp2.py::test_avg_mark[69.66666666666667-45.0] - assert 69.6666666...
FAILED test_cp2.py::test_avg_mark[71.33333333333333-46.0] - assert 71.3333333...
FAILED test_cp2.py::test_avg_mark[18.333333333333332-43.0] - assert 18.333333...
FAILED test_cp2.py::test_avg_mark[32.0-50.0] - assert 32.0 == 50.0
FAILED test_cp2.py::test_avg_mark[46.666666666666664-83.0] - assert 46.666666...
FAILED test_cp2.py::test_avg_mark[48.666666666666664-97.0] - assert 48.666666...
FAILED test_cp2.py::test_avg_mark[41.666666666666664-40.0] - assert 41.666666...
FAILED test_cp2.py::test_avg_mark[23.666666666666668-45.0] - assert 23.666666...
FAILED test_cp2.py::test_avg_mark[41.333333333333336-77.0] - assert 41.333333...
FAILED test_cp2.py::test_avg_mark[47.0-90.0] - assert 47.0 == 90.0
FAILED test_cp2.py::test_avg_mark[17.333333333333332-4.0] - assert 17.3333333...
FAILED test_cp2.py::test_avg_mark[17.0-40.0] - assert 17.0 == 40.0
============================= 16 failed in 0.35s ==============================
